[0.641s] Invoking command in '/home/zkx/RM/CLASS_3/ros2_ws/src/image_processor': PYTHONPATH=/home/zkx/RM/CLASS_3/ros2_ws/build/image_processor/prefix_override:/usr/lib/python3/dist-packages/colcon_core/task/python/colcon_distutils_commands:/home/zkx/RM/CLASS_3/ros2_ws/install/image_processor/lib/python3.10/site-packages:${PYTHONPATH} /usr/bin/python3 -W ignore:setup.py install is deprecated -W ignore:easy_install command is deprecated setup.py egg_info --egg-base ../../build/image_processor build --build-base /home/zkx/RM/CLASS_3/ros2_ws/build/image_processor/build install --record /home/zkx/RM/CLASS_3/ros2_ws/build/image_processor/install.log --single-version-externally-managed install_data
[0.773s] running egg_info
[0.774s] creating ../../build/image_processor/image_processor.egg-info
[0.774s] writing ../../build/image_processor/image_processor.egg-info/PKG-INFO
[0.774s] writing dependency_links to ../../build/image_processor/image_processor.egg-info/dependency_links.txt
[0.775s] writing entry points to ../../build/image_processor/image_processor.egg-info/entry_points.txt
[0.775s] writing requirements to ../../build/image_processor/image_processor.egg-info/requires.txt
[0.775s] writing top-level names to ../../build/image_processor/image_processor.egg-info/top_level.txt
[0.775s] writing manifest file '../../build/image_processor/image_processor.egg-info/SOURCES.txt'
[0.776s] reading manifest file '../../build/image_processor/image_processor.egg-info/SOURCES.txt'
[0.777s] writing manifest file '../../build/image_processor/image_processor.egg-info/SOURCES.txt'
[0.777s] running build
[0.777s] running build_py
[0.777s] creating /home/zkx/RM/CLASS_3/ros2_ws/build/image_processor/build
[0.777s] creating /home/zkx/RM/CLASS_3/ros2_ws/build/image_processor/build/lib
[0.777s] creating /home/zkx/RM/CLASS_3/ros2_ws/build/image_processor/build/lib/image_processor
[0.777s] copying image_processor/__init__.py -> /home/zkx/RM/CLASS_3/ros2_ws/build/image_processor/build/lib/image_processor
[0.777s] copying image_processor/image_processor.py -> /home/zkx/RM/CLASS_3/ros2_ws/build/image_processor/build/lib/image_processor
[0.777s] running install
[0.778s] running install_lib
[0.778s] creating /home/zkx/RM/CLASS_3/ros2_ws/install/image_processor/lib/python3.10/site-packages/image_processor
[0.778s] copying /home/zkx/RM/CLASS_3/ros2_ws/build/image_processor/build/lib/image_processor/__init__.py -> /home/zkx/RM/CLASS_3/ros2_ws/install/image_processor/lib/python3.10/site-packages/image_processor
[0.778s] copying /home/zkx/RM/CLASS_3/ros2_ws/build/image_processor/build/lib/image_processor/image_processor.py -> /home/zkx/RM/CLASS_3/ros2_ws/install/image_processor/lib/python3.10/site-packages/image_processor
[0.778s] byte-compiling /home/zkx/RM/CLASS_3/ros2_ws/install/image_processor/lib/python3.10/site-packages/image_processor/__init__.py to __init__.cpython-310.pyc
[0.779s] byte-compiling /home/zkx/RM/CLASS_3/ros2_ws/install/image_processor/lib/python3.10/site-packages/image_processor/image_processor.py to image_processor.cpython-310.pyc
[0.779s] running install_data
[0.779s] creating /home/zkx/RM/CLASS_3/ros2_ws/install/image_processor/share/ament_index
[0.779s] creating /home/zkx/RM/CLASS_3/ros2_ws/install/image_processor/share/ament_index/resource_index
[0.779s] creating /home/zkx/RM/CLASS_3/ros2_ws/install/image_processor/share/ament_index/resource_index/packages
[0.779s] copying resource/image_processor -> /home/zkx/RM/CLASS_3/ros2_ws/install/image_processor/share/ament_index/resource_index/packages
[0.779s] copying package.xml -> /home/zkx/RM/CLASS_3/ros2_ws/install/image_processor/share/image_processor
[0.780s] running install_egg_info
[0.780s] Copying ../../build/image_processor/image_processor.egg-info to /home/zkx/RM/CLASS_3/ros2_ws/install/image_processor/lib/python3.10/site-packages/image_processor-0.0.0-py3.10.egg-info
[0.781s] running install_scripts
[0.797s] writing list of installed files to '/home/zkx/RM/CLASS_3/ros2_ws/build/image_processor/install.log'
[0.837s] Invoked command in '/home/zkx/RM/CLASS_3/ros2_ws/src/image_processor' returned '0': PYTHONPATH=/home/zkx/RM/CLASS_3/ros2_ws/build/image_processor/prefix_override:/usr/lib/python3/dist-packages/colcon_core/task/python/colcon_distutils_commands:/home/zkx/RM/CLASS_3/ros2_ws/install/image_processor/lib/python3.10/site-packages:${PYTHONPATH} /usr/bin/python3 -W ignore:setup.py install is deprecated -W ignore:easy_install command is deprecated setup.py egg_info --egg-base ../../build/image_processor build --build-base /home/zkx/RM/CLASS_3/ros2_ws/build/image_processor/build install --record /home/zkx/RM/CLASS_3/ros2_ws/build/image_processor/install.log --single-version-externally-managed install_data
